benchmark.lua:0;view_expression 77
benchmark.lua:0;view_expression;render_to_buffer;generate_string_and_highlights 6
benchmark.lua:0;view_expression;render_to_buffer 5
benchmark.lua:0;view_expression;nvim_buf_set_option;treesitter-context.lua:150 4
benchmark.lua:0;view_expression;pcall;lulpeg.lua:686;matcher;start;ref;matcher;seq2;matcher;ref;matcher;seq2;matcher;seq2;matcher 3
benchmark.lua:0;view_expression;render;concat_rectangle_right;grow_height_to;push_blank_row_top;push_row_top;check_new_row;get_total_length;iter;iter_indexes 2
benchmark.lua:0;view_expression;render;render 2
benchmark.lua:0;view_expression;render_to_buffer;generate_string_and_highlights;len 2
benchmark.lua:0;view_expression;pcall;lulpeg.lua:686 1
benchmark.lua:0;view_expression;pcall;lulpeg.lua:686;matcher;start;ref;matcher;seq3;ref;matcher;seq2;ref;ch6 1
benchmark.lua:0;view_expression;render;render;surround_with_box;push_col_left;check_new_col 1
benchmark.lua:0;view_expression;render;render;render;push_railroad_col_right;push_col_right;push_back 1
benchmark.lua:0;view_expression;render;render;render;concat_rectangle_right;extend_back;iter;iter_indexes 1
benchmark.lua:0;view_expression;render;render;render_and_get_widest;render_item;push_row_top 1
benchmark.lua:0;view_expression;render;render;push_row_top;check_new_row;get_total_length;iter;iter_indexes 1
benchmark.lua:0;view_expression;pcall;lulpeg.lua:686;matcher;start;ref;matcher;seq1;matcher 1
benchmark.lua:0;view_expression;render;render;surround_with_box;create_new_col_using;callback 1
benchmark.lua:0;view_expression;show_panel;show 1
benchmark.lua:0;view_expression;pcall;lulpeg.lua:686;LL_evaluate;insert;lulpeg.lua:1660;lulpeg.lua:1660;Cg;insert;lulpeg.lua:1773 1
benchmark.lua:0;view_expression;render;concat_rectangle_right;grow_height_to;push_blank_row_top;push_row_top 1
benchmark.lua:0;view_expression;render;render;render_and_get_widest;render_item;push_row_top;check_new_row;get_total_length 1
benchmark.lua:0;view_expression;render;render;push_centred_row_top;push_row_top;check_new_row;get_total_length 1
benchmark.lua:0;view_expression;pcall;lulpeg.lua:686;matcher;start;ref;matcher;seq3;ref;matcher;seq2;ref;ch1;ref;matcher;seq2;matcher;ref;ch2;ref;ch1;seq2;matcher;seq3;matcher;matcher;ref;seq1;ch2;ref;ch1;ref;seq2;matcher;seq2;ch1 1
benchmark.lua:0;view_expression;render;render;split_string_at_sep 1
benchmark.lua:0;view_expression;render;render;push_row_top 1
benchmark.lua:0;view_expression;pcall;lulpeg.lua:686;matcher;start;ref;matcher;seq3;ref;matcher;seq2;ref;ch6;ref;ch2;ref;ch1;seq2;matcher;seq3;matcher;matcher 1
benchmark.lua:0;view_expression;pcall;lulpeg.lua:686;matcher;start;ref;matcher;seq3;ref;matcher;seq2 1
benchmark.lua:0;view_expression;render;render;render;push_railroad_col_right;push_col_right 1
benchmark.lua:0;view_expression;pcall;lulpeg.lua:686;LL_evaluate;insert;lulpeg.lua:1660;lulpeg.lua:1660;Cg;insert;lulpeg.lua:1660;Cg;insert;lulpeg.lua:1773 1
benchmark.lua:0;view_expression;pcall;lulpeg.lua:686;LL_evaluate;insert;lulpeg.lua:1660;Cg;insert;lulpeg.lua:1773 1
benchmark.lua:0;view_expression;render;compute_padding 1
benchmark.lua:0;view_expression;render;push_railroad_col_right;create_blank_railroad_col 1
benchmark.lua:0;view_expression;pcall;lulpeg.lua:686;LL_evaluate;insert;lulpeg.lua:1660;lulpeg.lua:1660 1
benchmark.lua:0;view_expression;render;concat_rectangle_right;extend_back;iter;iter_indexes 1
benchmark.lua:0;view_expression;pcall;lulpeg.lua:686;matcher;start;ref;matcher;seq3;ref;matcher;seq2;ref;ch1;ref;matcher;seq2;matcher;ref;ch3;ref;seq2 1
benchmark.lua:0;view_expression;pcall;lulpeg.lua:686;matcher;start;ref;matcher;seq3;ref;matcher;seq2;ref;ch6;ref;ch2;ref;ch1;seq2;matcher;seq3;matcher;matcher;ref;seq2;matcher;seq2 1
benchmark.lua:0;view_expression;render;push_railroad_col_left 1
benchmark.lua:0;view_expression;pcall;lulpeg.lua:686;matcher;start;ref;matcher;seq3;ref;matcher;seq2;ref;ch6;ref;ch2;ref;ch2;ref;clear_captures 1
benchmark.lua:0;view_expression;pcall;lulpeg.lua:686;matcher;start;ref;matcher;seq3;ref;matcher;seq2;ref;ch1;ref;matcher;seq2;matcher;ref;ch2;ref;ch1;seq2;matcher;seq3;matcher;matcher;ref;seq2;matcher;seq2;ref;ch3 1
benchmark.lua:0;view_expression;render_to_buffer;generate_string_and_highlights;iter;iter_indexes 1
benchmark.lua:0;view_expression;pcall;lulpeg.lua:686;LL_evaluate;insert;lulpeg.lua:1660;lulpeg.lua:1660;Cg 1
benchmark.lua:0;view_expression;render;concat_rectangle_right 1
benchmark.lua:0;view_expression;render;render;surround_with_box;push_col_left;check_new_col;iter;iter_indexes 1
benchmark.lua:0;view_expression;render;render;construct_column 1
benchmark.lua:0;view_expression;render;concat_rectangle_right;grow_height_to;push_blank_row_bottom;create_blank_row 1
benchmark.lua:0;view_expression;render;render;create_rectangle_of_characters_with_rail_at;push_row_top;check_new_row;get_total_length 1
